<?xml version="1.0" encoding="UTF-8" ?>
<testsuite tests="14" failures="0" name="it.unisa.diem.softeng.gruppo1.VerificaMailTest" time="0" errors="0" skipped="0">
  <properties>
[...]
</properties>
  <testcase classname="it.unisa.diem.softeng.gruppo1.VerificaMailTest" name="it.unisa.diem.softeng.gruppo1.VerificaMailTest.testVerify8" time="0"/>
  <testcase classname="it.unisa.diem.softeng.gruppo1.VerificaMailTest" name="it.unisa.diem.softeng.gruppo1.VerificaMailTest.testVerify10" time="0"/>
  <testcase classname="it.unisa.diem.softeng.gruppo1.VerificaMailTest" name="it.unisa.diem.softeng.gruppo1.VerificaMailTest.testVerify2" time="0"/>
  <testcase classname="it.unisa.diem.softeng.gruppo1.VerificaMailTest" name="it.unisa.diem.softeng.gruppo1.VerificaMailTest.testVerify5" time="0"/>
  <testcase classname="it.unisa.diem.softeng.gruppo1.VerificaMailTest" name="it.unisa.diem.softeng.gruppo1.VerificaMailTest.testVerify" time="0"/>
  <testcase classname="it.unisa.diem.softeng.gruppo1.VerificaMailTest" name="it.unisa.diem.softeng.gruppo1.VerificaMailTest.testVerify3" time="0"/>
  <testcase classname="it.unisa.diem.softeng.gruppo1.VerificaMailTest" name="it.unisa.diem.softeng.gruppo1.VerificaMailTest.testVerify4" time="0"/>
  <testcase classname="it.unisa.diem.softeng.gruppo1.VerificaMailTest" name="it.unisa.diem.softeng.gruppo1.VerificaMailTest.testVerify6" time="0"/>
  <testcase classname="it.unisa.diem.softeng.gruppo1.VerificaMailTest" name="it.unisa.diem.softeng.gruppo1.VerificaMailTest.testVerify7" time="0"/>
  <testcase classname="it.unisa.diem.softeng.gruppo1.VerificaMailTest" name="it.unisa.diem.softeng.gruppo1.VerificaMailTest.testVerify9" time="0"/>
  <testcase classname="it.unisa.diem.softeng.gruppo1.VerificaMailTest" name="it.unisa.diem.softeng.gruppo1.VerificaMailTest.testVerify11" time="0"/>
  <testcase classname="it.unisa.diem.softeng.gruppo1.VerificaMailTest" name="it.unisa.diem.softeng.gruppo1.VerificaMailTest.testVerify14" time="0"/>
  <testcase classname="it.unisa.diem.softeng.gruppo1.VerificaMailTest" name="it.unisa.diem.softeng.gruppo1.VerificaMailTest.testVerify13" time="0"/>
  <testcase classname="it.unisa.diem.softeng.gruppo1.VerificaMailTest" name="it.unisa.diem.softeng.gruppo1.VerificaMailTest.testVerify12" time="0"/>
</testsuite>